
Printing Confusion Matrix :: 
		AH0			EY1			Z			AE1			B			AA1			K			OW2			S			D			IY0			L			IH0			N			AE2			OW1			AA0			OW0			M			T			R			ZH			Y			EH2			EY2			AE0			AH1			UW1			UW2			IY1			EH1			IY2			EH0			HH			AO1			AY1			IH1			AA2			EY0			JH			ER0			AO0			SH			IH2			P			V			W			G			UW0			UH1			NG			AH2			UH2			CH			AO2			TH			F			AY2			AY0			IH			UH0			ER1			ER2			AW1			AW0			AW2			OY0			OY2			OY1			DH			

AH0		14249		4			143			968			18			307			81			1			75			31			162			837			1522			109			0			356			78			828			47			101			28			1			79			0			8			19			667			90			1			5			1354			0			26			14			41			0			586			0			1			4			0			0			6			6			13			19			3			14			8			0			1			7			0			0			0			0			20			3			0			0			0			1			0			0			0			0			0			0			0			0			
EY1		809			69			3			312			0			45			0			0			6			3			47			14			59			8			0			0			40			0			2			95			3			0			6			0			3			7			0			1			0			5			197			0			5			3			0			1			3			0			11			0			1			0			1			0			2			1			0			0			1			0			0			0			0			0			0			0			0			1			0			0			0			0			0			0			0			0			0			0			0			0			
Z		179			0			5021		1			1			0			0			1			2020		3			98			6			69			17			0			0			0			1			2			32			11			0			1			0			0			0			5			15			0			0			39			0			3			4			0			0			32			0			0			0			3			0			2			0			0			0			0			1			0			1			0			0			0			0			0			0			0			0			0			0			0			0			0			0			0			0			0			0			0			0			
AE1		3292		0			3			1734		2			158			36			0			8			2			1			7			1			44			0			0			54			0			13			4			0			0			2			0			0			11			0			0			0			0			1			0			0			7			0			0			2			0			0			0			0			0			0			0			4			4			0			0			0			0			1			0			0			0			0			1			1			0			0			0			0			0			0			0			0			0			0			0			0			0			
B		14			1			2			6			5575		0			0			0			2			1			3			5			0			0			0			0			2			3			3			0			18			0			0			0			0			0			1			7			0			1			23			0			0			0			6			0			8			1			0			0			0			0			0			0			0			0			0			0			1			3			0			0			0			0			0			0			0			0			0			0			0			0			0			0			0			0			0			0			0			0			
AA1		2636		29			2			324			1			2013		2			2			2			0			1			8			0			14			0			439			223			889			1			5			12			0			2			0			7			8			1			0			0			0			4			0			0			0			40			0			5			0			0			0			0			0			0			0			3			0			0			0			1			0			0			0			0			1			0			0			6			0			0			0			0			0			0			0			0			0			0			0			0			0			
K		83			5			6			22			13			47			12547		0			328			28			6			70			56			41			0			1			1			4			33			24			29			0			3			3			0			0			5			13			0			0			41			0			0			12			4			0			13			0			0			0			0			0			1			1			7			5			7			20			3			1			3			0			0			13			1			2			19			0			0			0			0			0			0			0			0			0			0			0			0			0			
OW2		85			0			0			0			0			2			0			0			0			2			0			6			0			3			0			137			0			303			0			1			0			0			0			0			0			0			0			0			0			0			0			0			0			1			5			0			0			0			0			0			0			0			0			0			2			0			0			0			0			0			0			0			0			0			0			0			1			0			0			0			0			0			0			0			0			0			0			0			0			0			
S		131			1			1751		0			10			2			1000		0			11865		0			46			14			53			10			0			2			1			7			2			120			12			0			23			0			2			0			0			17			0			0			49			0			1			9			10			0			38			3			0			0			0			0			1			0			9			0			7			0			1			2			0			0			0			67			0			0			7			0			0			0			0			0			0			0			0			0			0			0			0			0			
D		19			0			0			0			0			2			0			0			0			9481		15			9			52			12			0			1			0			14			0			7			8			0			3			0			0			0			2			11			0			0			20			0			0			0			5			0			7			0			0			0			0			0			0			0			0			2			0			0			0			1			0			0			0			0			0			0			0			4			0			0			0			0			0			0			0			0			0			0			0			0			
IY0		295			1			11			0			0			1			2			0			9			3			5605		40			800			10			0			0			0			4			1			3			10			0			11			0			2			0			0			1			0			6			453			10			2			1			3			16			406			0			3			0			0			0			30			1			0			0			1			3			0			0			0			0			0			0			0			0			0			11			5			0			0			0			0			2			0			0			0			0			0			0			
L		444			2			4			2			0			43			6			0			0			4			25			12541		22			1			0			6			3			11			1			3			6			0			10			0			1			0			7			6			0			0			561			0			0			6			14			1			81			0			0			0			3			0			3			25			7			6			4			1			2			2			0			0			0			0			0			0			2			8			0			0			0			0			0			1			11			0			0			0			0			0			
IH0		448			1			102			0			0			0			15			0			65			7			331			38			4954		37			0			0			1			1			5			29			20			0			9			1			5			0			48			6			0			12			1041		0			111			3			0			23			1180		0			4			4			1			0			2			5			2			49			1			3			2			0			221			0			0			2			0			1			6			18			0			0			0			0			0			0			0			0			0			0			0			0			
N		112			4			32			3			0			2			3			0			21			22			52			3			48			18389		0			1			0			1			1			55			9			1			13			0			2			0			0			2			2			2			52			0			0			4			2			0			8			0			0			2			0			0			1			2			2			1			2			20			1			0			236			0			0			2			0			1			0			12			0			0			0			0			0			0			2			0			0			0			0			0			
AE2		662			0			2			336			0			28			1			0			0			1			2			1			0			2			0			0			5			1			4			5			4			0			1			0			0			2			0			0			0			0			0			0			0			2			0			0			0			0			0			0			0			0			0			0			2			0			2			0			0			0			0			0			0			0			0			4			3			0			0			0			0			0			0			0			0			0			0			0			0			0			
OW1		719			0			10			0			0			63			3			4			1			7			0			5			0			0			0			956			0			1020		0			2			1			1			0			0			0			0			0			0			0			0			0			0			0			0			5			0			0			0			0			0			0			0			0			0			1			0			1			1			0			0			0			0			0			0			0			0			1			0			0			0			0			0			0			0			0			0			0			0			0			0			
AA0		1139		5			3			426			1			582			2			0			0			0			3			5			0			0			0			44			156			125			0			0			5			0			0			0			0			3			0			0			0			0			3			0			0			1			11			0			0			0			0			0			0			0			0			0			0			0			0			0			0			0			0			0			0			0			0			1			0			0			0			0			0			0			0			0			0			0			0			0			0			0			
OW0		763			0			3			0			1			37			0			5			0			2			6			3			0			5			0			408			0			3060		1			9			5			0			0			0			0			0			0			0			0			0			0			0			0			0			18			0			0			2			0			0			0			0			0			0			2			0			2			0			0			0			0			0			0			0			0			0			6			0			0			0			0			0			0			0			2			0			0			0			0			0			
M		47			0			0			1			8			4			2			1			0			0			6			1			8			1			0			0			2			5			9404		0			8			0			8			0			0			0			0			10			0			0			51			0			0			0			8			0			34			0			0			0			0			0			0			0			7			0			0			0			3			2			0			0			0			0			0			0			0			4			0			0			0			0			0			0			0			0			0			0			0			0			
T		120			17			9			1			4			4			6			0			8			31			11			5			204			14			0			3			0			3			0			14047		68			0			0			0			6			0			0			27			0			0			56			0			0			3			56			4			89			0			1			0			0			0			0			0			1			1			0			0			1			1			0			0			0			0			0			2			1			3			0			0			0			0			0			1			0			0			0			0			0			0			
R		41			5			1			11			0			10			0			0			0			0			36			8			24			3			0			6			0			20			1			48			14019		0			0			0			2			0			6			0			0			0			57			0			0			3			11			1			28			0			0			0			32			0			2			0			2			0			4			1			0			20			0			0			0			1			0			0			2			0			0			0			1			3			0			3			0			0			0			0			0			0			
ZH		0			0			8			0			0			0			0			0			11			0			5			0			0			0			0			0			0			0			0			0			0			9			2			0			0			0			0			0			0			0			0			0			0			0			0			0			0			0			0			9			0			0			11			0			0			0			0			6			2			3			0			0			0			0			0			0			0			0			0			0			0			0			0			0			0			0			0			0			0			0			
Y		187			0			5			0			4			4			29			0			7			1			393			6			2			16			0			0			0			0			7			1			1			7			684			0			0			0			528			30			0			0			25			0			0			22			10			7			0			0			0			148			1			0			6			3			1			0			58			2			10			74			0			1			0			0			0			0			2			2			0			0			6			0			0			0			0			0			0			0			0			0			
EH2		202			0			3			1			0			133			3			0			14			0			5			18			148			9			0			0			5			0			1			6			13			0			4			0			2			0			0			0			0			1			502			0			21			0			2			0			0			0			0			0			0			0			0			0			0			0			0			0			0			16			0			0			0			1			0			0			0			0			0			0			0			0			0			0			0			0			0			0			0			0			
EY2		264			0			5			27			0			2			0			0			0			0			2			6			19			3			0			0			7			0			0			152			1			0			2			0			3			0			0			0			0			3			25			0			2			0			0			0			3			0			0			0			0			0			0			0			0			0			0			0			0			0			0			0			0			0			0			0			0			0			0			0			0			0			0			0			0			0			0			0			0			0			
AE0		386			2			0			242			0			13			0			0			0			0			0			1			1			2			0			0			4			0			0			0			3			0			0			0			0			3			0			0			0			0			0			0			0			1			0			0			0			0			0			0			0			0			0			0			0			0			0			0			0			0			0			0			0			0			0			0			0			0			0			0			0			0			0			0			0			0			0			0			0			0			
AH1		219			0			0			2			1			15			0			0			0			0			0			3			0			5			0			12			0			24			0			1			1			0			155			1			1			0			1103		132			0			0			1			0			0			0			0			0			1			0			0			0			0			0			0			0			0			0			1			0			4			0			3			17			0			0			0			0			2			0			0			0			0			0			0			0			0			0			0			0			0			0			
UW1		155			5			18			0			24			3			19			0			90			23			1			23			2			34			0			8			0			17			26			74			13			0			44			0			1			0			594			314			11			0			25			0			0			4			2			0			6			0			0			2			0			0			3			0			5			0			31			15			25			24			0			0			0			1			0			0			24			0			0			0			8			0			0			1			0			0			0			0			0			0			
UW2		27			0			2			0			1			2			2			0			7			7			0			10			0			18			0			2			0			1			5			14			1			0			9			0			0			0			77			36			8			0			21			0			0			0			0			0			0			0			0			5			0			0			0			0			1			0			13			0			5			6			0			0			0			0			0			0			3			0			0			0			1			0			0			0			0			0			0			0			0			0			
IY1		212			2			0			0			2			0			5			0			17			2			305			23			812			6			0			0			0			0			4			10			10			0			4			2			1			0			0			1			1			15			422			5			13			1			0			11			515			0			7			0			0			0			0			2			0			2			1			0			0			0			0			0			0			0			0			0			0			7			0			0			0			0			0			0			0			0			0			0			0			0			
EH1		1186		5			13			11			0			305			6			0			27			1			51			29			577			39			0			0			22			1			16			12			17			0			9			0			2			0			0			4			1			2			3481		0			80			5			10			0			3			0			5			0			0			0			0			2			1			5			1			0			1			12			0			0			0			1			0			2			2			1			0			0			0			0			0			0			0			0			0			0			0			0			
IY2		16			0			1			0			0			0			0			0			1			0			141			7			54			3			0			0			0			0			0			0			0			0			2			0			0			0			0			0			0			0			57			7			1			0			0			1			25			0			4			0			0			0			0			0			0			0			0			0			0			0			0			0			0			0			0			0			0			1			1			0			0			0			0			0			0			0			0			0			0			0			
EH0		232			0			3			0			0			24			2			0			10			1			7			6			194			9			0			0			1			0			0			4			3			0			2			0			0			0			0			0			0			1			623			0			114			0			1			0			0			0			1			0			0			0			0			0			0			0			1			0			0			9			1			0			0			1			0			0			0			1			0			0			0			0			0			0			0			0			0			0			0			0			
HH		2			0			0			6			0			1			2			0			1			0			1			2			0			0			0			4			0			0			0			0			2			6			6			0			0			0			0			0			0			0			2			0			0			2246		1			2			4			0			0			19			0			0			7			0			0			0			6			2			1			0			0			0			0			0			0			0			0			0			0			0			0			0			0			0			0			0			0			0			0			0			
AO1		230			0			1			21			0			99			0			2			1			0			5			4			0			0			0			68			2			138			1			5			24			0			2			0			0			1			1			1			0			0			1			0			0			4			1631		0			0			0			0			0			0			1			0			0			1			0			0			0			0			2			4			0			0			0			0			0			0			0			0			0			1			0			0			0			0			0			0			0			0			0			
AY1		14			1			1			0			1			3			1			0			6			2			440			0			344			0			0			0			1			0			0			4			6			0			0			0			0			0			0			0			0			0			2			1			0			0			0			91			331			0			2			0			0			0			3			0			0			0			4			0			0			0			0			0			0			0			0			0			0			17			4			0			0			0			0			0			0			0			0			0			0			0			
IH1		70			12			8			0			1			5			11			0			58			5			298			24			1526		8			0			3			0			0			2			6			11			0			9			0			2			0			5			3			0			9			110			0			0			4			0			38			2198		0			0			0			0			0			2			1			0			3			3			1			0			0			2			0			0			0			0			0			3			8			0			0			0			0			0			0			0			0			0			0			0			0			
AA2		338			1			0			50			12			327			3			0			0			5			0			4			0			0			0			67			30			154			1			2			0			0			0			0			0			2			0			0			0			0			3			0			0			0			6			0			1			0			0			1			0			0			0			0			1			1			0			0			0			0			0			0			0			0			0			0			0			0			0			0			0			0			0			0			0			0			0			0			0			0			
EY0		73			2			1			8			0			0			0			0			1			0			10			2			54			3			0			0			2			0			0			22			0			0			2			0			3			0			0			0			3			0			141			2			7			0			0			0			0			0			11			0			0			0			0			0			0			0			0			0			0			0			0			0			0			0			0			0			1			0			0			0			0			0			0			0			0			0			0			0			0			0			
JH		18			0			2			0			0			1			0			0			1			34			1			1			0			3			0			0			0			0			0			0			4			10			50			0			0			0			0			1			3			0			10			0			0			2			1			0			0			0			0			1213		0			0			0			0			0			0			0			376			0			0			0			0			0			0			0			0			0			0			0			0			0			0			0			0			0			0			0			0			0			0			
ER0		10			0			1			0			0			16			0			0			0			0			1			0			1			0			0			0			0			0			0			1			515			0			0			0			0			0			0			0			0			0			60			0			0			0			24			0			1			0			0			0			9			0			0			0			0			0			0			0			0			11			0			0			0			0			0			0			3			0			0			0			0			1			0			0			0			0			0			0			0			0			
AO0		32			0			0			1			0			18			0			0			0			0			0			0			0			1			0			21			0			34			0			0			5			0			0			0			0			0			0			0			0			0			0			0			0			0			348			0			0			0			0			0			0			0			0			0			0			0			0			0			0			1			0			0			0			0			0			0			1			0			0			0			0			0			0			0			0			0			0			0			0			0			
SH		3			6			17			0			0			0			23			0			22			0			106			0			2			1			0			0			0			0			0			33			0			0			1			0			0			0			0			1			0			0			0			0			0			14			0			0			1			0			0			0			0			0			96			0			0			0			0			0			0			0			0			0			0			0			0			0			0			0			0			0			0			0			0			0			0			0			0			0			0			0			
IH2		7			0			1			0			0			0			8			0			10			2			29			35			230			25			0			2			0			0			4			8			11			0			8			0			0			0			0			0			0			0			14			0			0			0			0			1			210			0			0			1			0			0			0			3			0			3			0			1			0			0			2			0			0			1			0			0			1			1			0			0			0			0			0			0			0			0			0			0			0			0			
P		38			2			0			9			0			2			1			0			7			0			3			43			13			0			0			4			0			10			0			10			14			0			0			0			0			0			2			9			0			0			30			0			0			0			5			0			9			0			0			0			0			0			0			1			5524		0			0			0			0			0			0			0			0			0			0			0			1			0			0			0			0			0			0			0			0			0			0			0			0			0			
V		8			0			0			1			0			0			0			0			0			0			7			0			6			1			0			0			4			4			0			0			4			0			1			0			0			0			0			1			0			0			63			0			0			0			1			0			0			0			0			0			4			0			0			0			1			3051		57			0			0			0			0			0			0			0			0			0			12			0			0			0			0			0			0			0			0			0			0			0			0			0			
W		26			2			1			0			3			13			0			0			2			0			1			5			3			0			0			1			2			5			2			2			2			1			114			0			1			0			1			16			1			0			8			0			0			5			3			1			7			0			0			0			0			0			0			0			0			4			1616		3			10			3			0			0			0			0			0			0			28			0			0			0			0			0			0			0			0			0			0			0			0			0			
G		7			2			3			1			0			2			69			0			0			0			0			4			0			5			0			0			0			2			0			0			2			0			0			0			1			0			0			2			0			1			4			0			0			0			2			0			2			0			0			165			0			0			0			0			0			0			4			3741		0			0			29			0			0			0			0			0			0			0			0			0			1			0			0			0			0			0			0			0			0			0			
UW0		115			1			1			0			6			0			13			0			8			1			0			39			0			12			0			0			0			1			22			30			1			0			78			0			0			0			278			119			7			0			13			0			0			0			0			0			8			0			0			2			0			0			0			0			0			0			20			5			62			3			0			0			0			0			0			0			3			0			0			0			1			0			0			0			1			0			0			0			0			0			
UH1		5			0			1			0			0			1			1			0			0			0			0			0			0			0			0			12			0			5			0			0			52			0			31			0			0			0			25			6			0			0			0			0			0			1			0			0			1			0			0			0			0			0			0			0			0			0			0			0			0			178			0			0			0			0			0			0			0			0			0			0			6			0			0			0			0			0			0			0			0			0			
NG		1			0			0			1			0			0			2			0			2			0			0			0			0			134			0			0			0			0			0			0			0			0			0			0			0			0			0			0			0			0			0			0			0			0			0			0			2			0			0			4			0			0			0			0			0			0			0			230			0			0			919			0			0			0			0			0			0			0			0			0			0			0			0			0			0			0			0			0			0			0			
AH2		124			0			0			1			1			0			0			0			0			0			0			1			0			5			0			3			0			5			0			0			0			0			16			0			0			0			73			18			0			0			0			0			0			0			0			0			0			0			0			0			0			0			0			0			0			1			0			0			0			0			0			1			0			0			0			0			0			0			0			0			0			0			0			0			0			0			0			0			0			0			
UH2		1			0			0			0			0			0			0			0			0			0			0			0			0			3			0			4			0			0			0			0			1			0			4			0			0			0			10			2			0			0			0			0			0			0			0			0			0			0			0			0			0			0			0			0			0			0			0			0			0			14			2			0			0			0			0			0			0			0			0			0			2			0			0			0			0			0			0			0			0			0			
CH		1			0			0			0			0			0			209			0			34			0			7			0			2			0			0			0			0			0			0			78			0			0			1			0			0			0			0			1			0			0			1			0			0			5			0			0			0			0			0			0			0			0			1			0			1			0			0			0			0			3			0			0			0			53			0			0			0			0			0			0			0			0			0			0			0			0			0			0			0			0			
AO2		33			0			0			2			1			3			0			0			1			0			0			1			0			0			0			16			1			63			2			1			2			0			0			0			0			0			0			0			0			0			0			0			0			2			252			0			0			0			0			0			0			0			0			0			0			0			0			0			0			2			0			0			0			0			0			0			0			0			0			0			0			0			0			0			0			0			0			0			0			0			
TH		9			0			0			0			0			0			0			0			0			0			0			0			2			1			0			0			0			0			0			9			0			0			0			0			0			0			0			0			0			0			0			0			0			0			0			0			0			0			0			0			0			0			0			0			0			0			0			0			4			0			0			0			0			1			0			21			0			0			0			0			0			0			0			0			0			0			0			0			0			0			
F		17			0			0			9			0			4			2			0			1			0			4			2			8			0			0			0			1			1			1			2			5			0			6			0			0			0			1			1			0			0			4			0			0			7			9			0			4			0			0			0			0			0			0			0			20			22			0			0			0			0			0			0			0			0			0			0			2723		0			3			0			0			0			0			0			0			0			0			0			0			0			
AY2		0			0			27			0			0			0			2			0			0			4			114			14			67			9			0			0			0			0			1			7			5			0			1			0			0			0			0			0			0			0			2			0			0			0			0			14			40			0			0			0			0			0			1			0			0			0			0			0			0			0			0			0			0			0			0			0			0			97			0			0			0			0			0			0			0			0			0			0			0			0			
AY0		11			1			2			1			0			0			0			0			0			5			70			4			77			5			0			0			1			0			0			1			2			0			0			0			1			0			0			0			0			0			2			0			0			0			0			16			60			0			0			0			0			0			1			0			0			0			0			0			0			0			0			0			0			0			0			0			0			4			0			0			0			0			0			0			0			0			0			0			0			0			
IH		0			0			0			0			0			0			0			0			0			0			1			0			0			0			0			0			0			0			0			0			0			0			0			0			0			0			0			0			0			0			0			0			0			0			0			0			0			0			0			0			0			0			0			0			0			0			0			0			0			0			0			0			0			0			0			0			0			0			0			0			0			0			0			0			0			0			0			0			0			0			
UH0		4			0			0			0			0			0			0			0			0			0			0			0			0			0			0			1			0			0			0			1			3			0			6			0			0			0			3			2			0			0			0			0			0			0			0			0			0			0			0			0			0			0			0			0			0			0			0			0			0			32			0			0			0			0			0			0			0			0			0			0			6			0			0			0			0			0			0			0			0			0			
ER1		1			0			0			0			0			0			0			0			0			0			0			0			0			0			0			0			0			0			0			0			32			0			0			0			0			0			0			0			0			0			15			0			0			0			0			0			5			0			0			0			3			0			0			0			0			0			0			0			0			11			0			0			0			0			0			0			0			0			0			0			0			1			0			0			0			0			0			0			0			0			
ER2		0			0			0			0			0			0			0			0			0			0			0			0			0			0			0			0			0			0			1			0			12			0			0			0			0			0			0			0			0			0			7			0			0			0			0			0			0			0			0			0			0			0			0			0			0			0			0			0			0			2			0			0			0			0			0			0			0			0			0			0			0			0			0			0			0			0			0			0			0			0			
AW1		2			0			0			0			0			1			0			0			0			0			0			1			0			0			0			0			0			20			0			0			0			0			0			0			0			0			4			0			0			0			0			0			0			1			3			0			0			1			0			0			0			0			0			0			0			1			1			0			0			0			0			0			0			0			0			0			2			0			0			0			0			0			0			0			0			0			0			0			0			0			
AW0		0			0			0			0			0			0			0			0			0			0			0			0			0			0			0			0			0			0			0			0			0			0			0			0			0			0			1			0			0			0			0			0			0			0			5			0			0			0			0			0			0			0			0			0			0			0			0			0			0			0			0			0			0			0			0			0			0			0			0			0			0			0			0			0			0			0			0			0			0			0			
AW2		1			0			0			0			0			0			0			0			0			0			0			0			0			0			0			0			0			0			0			1			0			0			0			0			0			0			0			0			0			0			0			0			0			0			0			0			0			1			0			0			0			0			0			0			0			0			0			0			0			0			0			0			0			0			0			0			0			0			0			0			0			0			0			0			0			0			0			0			0			0			
OY0		2			0			0			0			0			0			0			0			0			0			0			0			0			0			0			0			0			0			0			0			0			0			2			0			0			0			0			0			0			0			0			0			0			0			0			0			0			0			0			0			0			0			0			0			0			0			0			0			0			0			0			0			0			0			0			0			0			0			0			0			0			0			0			0			0			0			0			0			0			0			
OY2		0			0			0			0			0			0			0			0			0			0			1			3			0			0			0			1			0			1			0			0			0			0			6			0			0			0			0			0			0			0			0			0			0			0			0			0			0			0			0			0			0			0			0			0			0			0			0			0			0			0			0			0			0			0			0			0			0			0			0			0			0			0			0			0			0			0			0			0			0			0			
OY1		0			0			0			0			0			0			0			0			0			0			0			3			0			0			0			0			0			4			0			0			0			0			2			0			0			0			0			0			0			0			0			0			0			0			0			0			0			0			0			0			0			0			0			0			0			0			0			0			0			0			0			0			0			0			0			0			0			0			0			0			0			0			0			0			0			0			0			0			0			0			
DH		0			0			0			0			0			0			0			0			0			0			0			0			0			0			0			0			0			0			0			0			0			0			0			0			0			0			0			0			0			0			0			0			0			0			0			0			0			0			0			0			0			0			0			0			0			0			0			0			0			0			0			0			0			0			0			1			0			0			0			0			0			0			0			0			0			0			0			0			0			0			
